<?xml version="1.0" encoding="UTF-8"?>
<testsuite xmlns:xsi="http://www.w3.org/2001/XMLSchema-instance" xsi:noNamespaceSchemaLocation="https://maven.apache.org/surefire/maven-surefire-plugin/xsd/surefire-test-report.xsd" name="cn.edu.scnu.AppTest" time="0.031" tests="1" errors="0" skipped="0" failures="0">
  <properties>
    <property name="sun.desktop" value="windows"/>
    <property name="awt.toolkit" value="sun.awt.windows.WToolkit"/>
    <property name="file.encoding.pkg" value="sun.io"/>
    <property name="java.specification.version" value="1.8"/>
    <property name="sun.cpu.isalist" value="amd64"/>
    <property name="sun.jnu.encoding" value="GBK"/>
    <property name="java.class.path" value="C:\Users\frank\IdeaProjects\TripleT-Springboot\easymall-common-resources\target\test-classes;C:\Users\frank\IdeaProjects\TripleT-Springboot\easymall-common-resources\target\classes;D:\repo\junit\junit\4.11\junit-4.11.jar;D:\repo\org\hamcrest\hamcrest-core\1.3\hamcrest-core-1.3.jar;D:\repo\org\apache\commons\commons-lang3\3.3.2\commons-lang3-3.3.2.jar;D:\repo\org\springframework\boot\spring-boot-starter-test\1.5.4.RELEASE\spring-boot-starter-test-1.5.4.RELEASE.jar;D:\repo\org\springframework\boot\spring-boot-test\1.5.4.RELEASE\spring-boot-test-1.5.4.RELEASE.jar;D:\repo\org\springframework\boot\spring-boot\1.5.4.RELEASE\spring-boot-1.5.4.RELEASE.jar;D:\repo\org\springframework\spring-context\4.3.9.RELEASE\spring-context-4.3.9.RELEASE.jar;D:\repo\org\springframework\spring-aop\4.3.9.RELEASE\spring-aop-4.3.9.RELEASE.jar;D:\repo\org\springframework\spring-beans\4.3.9.RELEASE\spring-beans-4.3.9.RELEASE.jar;D:\repo\org\springframework\spring-expression\4.3.9.RELEASE\spring-expression-4.3.9.RELEASE.jar;D:\repo\org\springframework\boot\spring-boot-test-autoconfigure\1.5.4.RELEASE\spring-boot-test-autoconfigure-1.5.4.RELEASE.jar;D:\repo\org\springframework\boot\spring-boot-autoconfigure\1.5.4.RELEASE\spring-boot-autoconfigure-1.5.4.RELEASE.jar;D:\repo\com\jayway\jsonpath\json-path\2.2.0\json-path-2.2.0.jar;D:\repo\net\minidev\json-smart\2.2.1\json-smart-2.2.1.jar;D:\repo\net\minidev\accessors-smart\1.1\accessors-smart-1.1.jar;D:\repo\org\ow2\asm\asm\5.0.3\asm-5.0.3.jar;D:\repo\org\slf4j\slf4j-api\1.7.25\slf4j-api-1.7.25.jar;D:\repo\org\assertj\assertj-core\2.6.0\assertj-core-2.6.0.jar;D:\repo\org\mockito\mockito-core\1.10.19\mockito-core-1.10.19.jar;D:\repo\org\objenesis\objenesis\2.1\objenesis-2.1.jar;D:\repo\org\hamcrest\hamcrest-library\1.3\hamcrest-library-1.3.jar;D:\repo\org\skyscreamer\jsonassert\1.4.0\jsonassert-1.4.0.jar;D:\repo\com\vaadin\external\google\android-json\0.0.20131108.vaadin1\android-json-0.0.20131108.vaadin1.jar;D:\repo\org\springframework\spring-core\4.3.9.RELEASE\spring-core-4.3.9.RELEASE.jar;D:\repo\org\springframework\spring-test\4.3.9.RELEASE\spring-test-4.3.9.RELEASE.jar;D:\repo\org\springframework\cloud\spring-cloud-starter-eureka\1.4.0.RELEASE\spring-cloud-starter-eureka-1.4.0.RELEASE.jar;D:\repo\org\springframework\cloud\spring-cloud-starter-netflix-eureka-client\1.4.0.RELEASE\spring-cloud-starter-netflix-eureka-client-1.4.0.RELEASE.jar;D:\repo\org\springframework\boot\spring-boot-starter-web\1.5.4.RELEASE\spring-boot-starter-web-1.5.4.RELEASE.jar;D:\repo\org\springframework\boot\spring-boot-starter\1.5.4.RELEASE\spring-boot-starter-1.5.4.RELEASE.jar;D:\repo\org\springframework\boot\spring-boot-starter-logging\1.5.4.RELEASE\spring-boot-starter-logging-1.5.4.RELEASE.jar;D:\repo\ch\qos\logback\logback-classic\1.1.11\logback-classic-1.1.11.jar;D:\repo\ch\qos\logback\logback-core\1.1.11\logback-core-1.1.11.jar;D:\repo\org\slf4j\jcl-over-slf4j\1.7.25\jcl-over-slf4j-1.7.25.jar;D:\repo\org\slf4j\jul-to-slf4j\1.7.25\jul-to-slf4j-1.7.25.jar;D:\repo\org\slf4j\log4j-over-slf4j\1.7.25\log4j-over-slf4j-1.7.25.jar;D:\repo\org\yaml\snakeyaml\1.17\snakeyaml-1.17.jar;D:\repo\org\springframework\boot\spring-boot-starter-tomcat\1.5.4.RELEASE\spring-boot-starter-tomcat-1.5.4.RELEASE.jar;D:\repo\org\apache\tomcat\embed\tomcat-embed-core\8.5.15\tomcat-embed-core-8.5.15.jar;D:\repo\org\apache\tomcat\embed\tomcat-embed-el\8.5.15\tomcat-embed-el-8.5.15.jar;D:\repo\org\apache\tomcat\embed\tomcat-embed-websocket\8.5.15\tomcat-embed-websocket-8.5.15.jar;D:\repo\org\hibernate\hibernate-validator\5.3.5.Final\hibernate-validator-5.3.5.Final.jar;D:\repo\javax\validation\validation-api\1.1.0.Final\validation-api-1.1.0.Final.jar;D:\repo\org\jboss\logging\jboss-logging\3.3.1.Final\jboss-logging-3.3.1.Final.jar;D:\repo\com\fasterxml\classmate\1.3.3\classmate-1.3.3.jar;D:\repo\com\fasterxml\jackson\core\jackson-databind\2.8.8\jackson-databind-2.8.8.jar;D:\repo\org\springframework\spring-web\4.3.9.RELEASE\spring-web-4.3.9.RELEASE.jar;D:\repo\org\springframework\spring-webmvc\4.3.9.RELEASE\spring-webmvc-4.3.9.RELEASE.jar;D:\repo\org\springframework\cloud\spring-cloud-starter\1.3.0.RELEASE\spring-cloud-starter-1.3.0.RELEASE.jar;D:\repo\org\springframework\cloud\spring-cloud-context\1.3.0.RELEASE\spring-cloud-context-1.3.0.RELEASE.jar;D:\repo\org\springframework\security\spring-security-crypto\4.2.3.RELEASE\spring-security-crypto-4.2.3.RELEASE.jar;D:\repo\org\springframework\cloud\spring-cloud-commons\1.3.0.RELEASE\spring-cloud-commons-1.3.0.RELEASE.jar;D:\repo\org\springframework\security\spring-security-rsa\1.0.3.RELEASE\spring-security-rsa-1.0.3.RELEASE.jar;D:\repo\org\bouncycastle\bcpkix-jdk15on\1.55\bcpkix-jdk15on-1.55.jar;D:\repo\org\bouncycastle\bcprov-jdk15on\1.55\bcprov-jdk15on-1.55.jar;D:\repo\org\springframework\cloud\spring-cloud-netflix-core\1.4.0.RELEASE\spring-cloud-netflix-core-1.4.0.RELEASE.jar;D:\repo\org\springframework\cloud\spring-cloud-netflix-eureka-client\1.4.0.RELEASE\spring-cloud-netflix-eureka-client-1.4.0.RELEASE.jar;D:\repo\com\netflix\eureka\eureka-client\1.7.0\eureka-client-1.7.0.jar;D:\repo\org\codehaus\jettison\jettison\1.3.7\jettison-1.3.7.jar;D:\repo\stax\stax-api\1.0.1\stax-api-1.0.1.jar;D:\repo\com\netflix\netflix-commons\netflix-eventbus\0.3.0\netflix-eventbus-0.3.0.jar;D:\repo\com\netflix\netflix-commons\netflix-infix\0.3.0\netflix-infix-0.3.0.jar;D:\repo\commons-jxpath\commons-jxpath\1.3\commons-jxpath-1.3.jar;D:\repo\joda-time\joda-time\2.9.9\joda-time-2.9.9.jar;D:\repo\org\antlr\antlr-runtime\3.4\antlr-runtime-3.4.jar;D:\repo\org\antlr\stringtemplate\3.2.1\stringtemplate-3.2.1.jar;D:\repo\antlr\antlr\2.7.7\antlr-2.7.7.jar;D:\repo\com\google\code\gson\gson\2.8.0\gson-2.8.0.jar;D:\repo\org\apache\commons\commons-math\2.2\commons-math-2.2.jar;D:\repo\com\netflix\archaius\archaius-core\0.7.4\archaius-core-0.7.4.jar;D:\repo\javax\ws\rs\jsr311-api\1.1.1\jsr311-api-1.1.1.jar;D:\repo\com\netflix\servo\servo-core\0.10.1\servo-core-0.10.1.jar;D:\repo\com\netflix\servo\servo-internal\0.10.1\servo-internal-0.10.1.jar;D:\repo\com\sun\jersey\jersey-core\1.19.1\jersey-core-1.19.1.jar;D:\repo\com\sun\jersey\jersey-client\1.19.1\jersey-client-1.19.1.jar;D:\repo\com\sun\jersey\contribs\jersey-apache-client4\1.19.1\jersey-apache-client4-1.19.1.jar;D:\repo\org\apache\httpcomponents\httpclient\4.5.3\httpclient-4.5.3.jar;D:\repo\org\apache\httpcomponents\httpcore\4.4.6\httpcore-4.4.6.jar;D:\repo\commons-codec\commons-codec\1.10\commons-codec-1.10.jar;D:\repo\com\google\inject\guice\4.1.0\guice-4.1.0.jar;D:\repo\aopalliance\aopalliance\1.0\aopalliance-1.0.jar;D:\repo\com\fasterxml\jackson\core\jackson-annotations\2.8.0\jackson-annotations-2.8.0.jar;D:\repo\com\fasterxml\jackson\core\jackson-core\2.8.8\jackson-core-2.8.8.jar;D:\repo\com\netflix\eureka\eureka-core\1.7.0\eureka-core-1.7.0.jar;D:\repo\org\codehaus\woodstox\woodstox-core-asl\4.4.1\woodstox-core-asl-4.4.1.jar;D:\repo\javax\xml\stream\stax-api\1.0-2\stax-api-1.0-2.jar;D:\repo\org\codehaus\woodstox\stax2-api\3.1.4\stax2-api-3.1.4.jar;D:\repo\org\springframework\cloud\spring-cloud-starter-netflix-archaius\1.4.0.RELEASE\spring-cloud-starter-netflix-archaius-1.4.0.RELEASE.jar;D:\repo\commons-configuration\commons-configuration\1.8\commons-configuration-1.8.jar;D:\repo\com\google\guava\guava\18.0\guava-18.0.jar;D:\repo\com\netflix\ribbon\ribbon-eureka\2.2.4\ribbon-eureka-2.2.4.jar;D:\repo\com\thoughtworks\xstream\xstream\1.4.9\xstream-1.4.9.jar;D:\repo\xmlpull\xmlpull\1.1.3.1\xmlpull-1.1.3.1.jar;D:\repo\xpp3\xpp3_min\1.1.4c\xpp3_min-1.1.4c.jar;D:\repo\org\springframework\cloud\spring-cloud-starter-ribbon\1.4.0.RELEASE\spring-cloud-starter-ribbon-1.4.0.RELEASE.jar;D:\repo\org\springframework\cloud\spring-cloud-starter-netflix-ribbon\1.4.0.RELEASE\spring-cloud-starter-netflix-ribbon-1.4.0.RELEASE.jar;D:\repo\com\netflix\ribbon\ribbon\2.2.4\ribbon-2.2.4.jar;D:\repo\com\netflix\ribbon\ribbon-transport\2.2.4\ribbon-transport-2.2.4.jar;D:\repo\io\reactivex\rxnetty-contexts\0.4.9\rxnetty-contexts-0.4.9.jar;D:\repo\io\reactivex\rxnetty-servo\0.4.9\rxnetty-servo-0.4.9.jar;D:\repo\com\netflix\hystrix\hystrix-core\1.5.12\hystrix-core-1.5.12.jar;D:\repo\org\hdrhistogram\HdrHistogram\2.1.9\HdrHistogram-2.1.9.jar;D:\repo\javax\inject\javax.inject\1\javax.inject-1.jar;D:\repo\io\reactivex\rxnetty\0.4.9\rxnetty-0.4.9.jar;D:\repo\io\netty\netty-codec-http\4.0.27.Final\netty-codec-http-4.0.27.Final.jar;D:\repo\io\netty\netty-codec\4.0.27.Final\netty-codec-4.0.27.Final.jar;D:\repo\io\netty\netty-handler\4.0.27.Final\netty-handler-4.0.27.Final.jar;D:\repo\io\netty\netty-transport-native-epoll\4.0.27.Final\netty-transport-native-epoll-4.0.27.Final.jar;D:\repo\io\netty\netty-common\4.0.27.Final\netty-common-4.0.27.Final.jar;D:\repo\io\netty\netty-buffer\4.0.27.Final\netty-buffer-4.0.27.Final.jar;D:\repo\io\netty\netty-transport\4.0.27.Final\netty-transport-4.0.27.Final.jar;D:\repo\com\netflix\ribbon\ribbon-core\2.2.4\ribbon-core-2.2.4.jar;D:\repo\commons-lang\commons-lang\2.6\commons-lang-2.6.jar;D:\repo\com\netflix\ribbon\ribbon-httpclient\2.2.4\ribbon-httpclient-2.2.4.jar;D:\repo\commons-collections\commons-collections\3.2.2\commons-collections-3.2.2.jar;D:\repo\com\netflix\netflix-commons\netflix-commons-util\0.1.1\netflix-commons-util-0.1.1.jar;D:\repo\com\netflix\ribbon\ribbon-loadbalancer\2.2.4\ribbon-loadbalancer-2.2.4.jar;D:\repo\com\netflix\netflix-commons\netflix-statistics\0.1.1\netflix-statistics-0.1.1.jar;D:\repo\io\reactivex\rxjava\1.2.0\rxjava-1.2.0.jar;"/>
    <property name="java.vm.vendor" value="Oracle Corporation"/>
    <property name="sun.arch.data.model" value="64"/>
    <property name="user.variant" value=""/>
    <property name="java.vendor.url" value="http://java.oracle.com/"/>
    <property name="user.timezone" value="Asia/Shanghai"/>
    <property name="java.vm.specification.version" value="1.8"/>
    <property name="os.name" value="Windows 10"/>
    <property name="user.country" value="CN"/>
    <property name="sun.java.launcher" value="SUN_STANDARD"/>
    <property name="sun.boot.library.path" value="C:\Program Files\Java\jdk1.8.0_221\jre\bin"/>
    <property name="sun.java.command" value="C:\Users\frank\AppData\Local\Temp\surefire9008310437409551123\surefirebooter6985552734165431849.jar C:\Users\frank\AppData\Local\Temp\surefire9008310437409551123 2022-07-30T17-19-58_172-jvmRun1 surefire8547416632645625234tmp surefire_01268183007893752128tmp"/>
    <property name="surefire.test.class.path" value="C:\Users\frank\IdeaProjects\TripleT-Springboot\easymall-common-resources\target\test-classes;C:\Users\frank\IdeaProjects\TripleT-Springboot\easymall-common-resources\target\classes;D:\repo\junit\junit\4.11\junit-4.11.jar;D:\repo\org\hamcrest\hamcrest-core\1.3\hamcrest-core-1.3.jar;D:\repo\org\apache\commons\commons-lang3\3.3.2\commons-lang3-3.3.2.jar;D:\repo\org\springframework\boot\spring-boot-starter-test\1.5.4.RELEASE\spring-boot-starter-test-1.5.4.RELEASE.jar;D:\repo\org\springframework\boot\spring-boot-test\1.5.4.RELEASE\spring-boot-test-1.5.4.RELEASE.jar;D:\repo\org\springframework\boot\spring-boot\1.5.4.RELEASE\spring-boot-1.5.4.RELEASE.jar;D:\repo\org\springframework\spring-context\4.3.9.RELEASE\spring-context-4.3.9.RELEASE.jar;D:\repo\org\springframework\spring-aop\4.3.9.RELEASE\spring-aop-4.3.9.RELEASE.jar;D:\repo\org\springframework\spring-beans\4.3.9.RELEASE\spring-beans-4.3.9.RELEASE.jar;D:\repo\org\springframework\spring-expression\4.3.9.RELEASE\spring-expression-4.3.9.RELEASE.jar;D:\repo\org\springframework\boot\spring-boot-test-autoconfigure\1.5.4.RELEASE\spring-boot-test-autoconfigure-1.5.4.RELEASE.jar;D:\repo\org\springframework\boot\spring-boot-autoconfigure\1.5.4.RELEASE\spring-boot-autoconfigure-1.5.4.RELEASE.jar;D:\repo\com\jayway\jsonpath\json-path\2.2.0\json-path-2.2.0.jar;D:\repo\net\minidev\json-smart\2.2.1\json-smart-2.2.1.jar;D:\repo\net\minidev\accessors-smart\1.1\accessors-smart-1.1.jar;D:\repo\org\ow2\asm\asm\5.0.3\asm-5.0.3.jar;D:\repo\org\slf4j\slf4j-api\1.7.25\slf4j-api-1.7.25.jar;D:\repo\org\assertj\assertj-core\2.6.0\assertj-core-2.6.0.jar;D:\repo\org\mockito\mockito-core\1.10.19\mockito-core-1.10.19.jar;D:\repo\org\objenesis\objenesis\2.1\objenesis-2.1.jar;D:\repo\org\hamcrest\hamcrest-library\1.3\hamcrest-library-1.3.jar;D:\repo\org\skyscreamer\jsonassert\1.4.0\jsonassert-1.4.0.jar;D:\repo\com\vaadin\external\google\android-json\0.0.20131108.vaadin1\android-json-0.0.20131108.vaadin1.jar;D:\repo\org\springframework\spring-core\4.3.9.RELEASE\spring-core-4.3.9.RELEASE.jar;D:\repo\org\springframework\spring-test\4.3.9.RELEASE\spring-test-4.3.9.RELEASE.jar;D:\repo\org\springframework\cloud\spring-cloud-starter-eureka\1.4.0.RELEASE\spring-cloud-starter-eureka-1.4.0.RELEASE.jar;D:\repo\org\springframework\cloud\spring-cloud-starter-netflix-eureka-client\1.4.0.RELEASE\spring-cloud-starter-netflix-eureka-client-1.4.0.RELEASE.jar;D:\repo\org\springframework\boot\spring-boot-starter-web\1.5.4.RELEASE\spring-boot-starter-web-1.5.4.RELEASE.jar;D:\repo\org\springframework\boot\spring-boot-starter\1.5.4.RELEASE\spring-boot-starter-1.5.4.RELEASE.jar;D:\repo\org\springframework\boot\spring-boot-starter-logging\1.5.4.RELEASE\spring-boot-starter-logging-1.5.4.RELEASE.jar;D:\repo\ch\qos\logback\logback-classic\1.1.11\logback-classic-1.1.11.jar;D:\repo\ch\qos\logback\logback-core\1.1.11\logback-core-1.1.11.jar;D:\repo\org\slf4j\jcl-over-slf4j\1.7.25\jcl-over-slf4j-1.7.25.jar;D:\repo\org\slf4j\jul-to-slf4j\1.7.25\jul-to-slf4j-1.7.25.jar;D:\repo\org\slf4j\log4j-over-slf4j\1.7.25\log4j-over-slf4j-1.7.25.jar;D:\repo\org\yaml\snakeyaml\1.17\snakeyaml-1.17.jar;D:\repo\org\springframework\boot\spring-boot-starter-tomcat\1.5.4.RELEASE\spring-boot-starter-tomcat-1.5.4.RELEASE.jar;D:\repo\org\apache\tomcat\embed\tomcat-embed-core\8.5.15\tomcat-embed-core-8.5.15.jar;D:\repo\org\apache\tomcat\embed\tomcat-embed-el\8.5.15\tomcat-embed-el-8.5.15.jar;D:\repo\org\apache\tomcat\embed\tomcat-embed-websocket\8.5.15\tomcat-embed-websocket-8.5.15.jar;D:\repo\org\hibernate\hibernate-validator\5.3.5.Final\hibernate-validator-5.3.5.Final.jar;D:\repo\javax\validation\validation-api\1.1.0.Final\validation-api-1.1.0.Final.jar;D:\repo\org\jboss\logging\jboss-logging\3.3.1.Final\jboss-logging-3.3.1.Final.jar;D:\repo\com\fasterxml\classmate\1.3.3\classmate-1.3.3.jar;D:\repo\com\fasterxml\jackson\core\jackson-databind\2.8.8\jackson-databind-2.8.8.jar;D:\repo\org\springframework\spring-web\4.3.9.RELEASE\spring-web-4.3.9.RELEASE.jar;D:\repo\org\springframework\spring-webmvc\4.3.9.RELEASE\spring-webmvc-4.3.9.RELEASE.jar;D:\repo\org\springframework\cloud\spring-cloud-starter\1.3.0.RELEASE\spring-cloud-starter-1.3.0.RELEASE.jar;D:\repo\org\springframework\cloud\spring-cloud-context\1.3.0.RELEASE\spring-cloud-context-1.3.0.RELEASE.jar;D:\repo\org\springframework\security\spring-security-crypto\4.2.3.RELEASE\spring-security-crypto-4.2.3.RELEASE.jar;D:\repo\org\springframework\cloud\spring-cloud-commons\1.3.0.RELEASE\spring-cloud-commons-1.3.0.RELEASE.jar;D:\repo\org\springframework\security\spring-security-rsa\1.0.3.RELEASE\spring-security-rsa-1.0.3.RELEASE.jar;D:\repo\org\bouncycastle\bcpkix-jdk15on\1.55\bcpkix-jdk15on-1.55.jar;D:\repo\org\bouncycastle\bcprov-jdk15on\1.55\bcprov-jdk15on-1.55.jar;D:\repo\org\springframework\cloud\spring-cloud-netflix-core\1.4.0.RELEASE\spring-cloud-netflix-core-1.4.0.RELEASE.jar;D:\repo\org\springframework\cloud\spring-cloud-netflix-eureka-client\1.4.0.RELEASE\spring-cloud-netflix-eureka-client-1.4.0.RELEASE.jar;D:\repo\com\netflix\eureka\eureka-client\1.7.0\eureka-client-1.7.0.jar;D:\repo\org\codehaus\jettison\jettison\1.3.7\jettison-1.3.7.jar;D:\repo\stax\stax-api\1.0.1\stax-api-1.0.1.jar;D:\repo\com\netflix\netflix-commons\netflix-eventbus\0.3.0\netflix-eventbus-0.3.0.jar;D:\repo\com\netflix\netflix-commons\netflix-infix\0.3.0\netflix-infix-0.3.0.jar;D:\repo\commons-jxpath\commons-jxpath\1.3\commons-jxpath-1.3.jar;D:\repo\joda-time\joda-time\2.9.9\joda-time-2.9.9.jar;D:\repo\org\antlr\antlr-runtime\3.4\antlr-runtime-3.4.jar;D:\repo\org\antlr\stringtemplate\3.2.1\stringtemplate-3.2.1.jar;D:\repo\antlr\antlr\2.7.7\antlr-2.7.7.jar;D:\repo\com\google\code\gson\gson\2.8.0\gson-2.8.0.jar;D:\repo\org\apache\commons\commons-math\2.2\commons-math-2.2.jar;D:\repo\com\netflix\archaius\archaius-core\0.7.4\archaius-core-0.7.4.jar;D:\repo\javax\ws\rs\jsr311-api\1.1.1\jsr311-api-1.1.1.jar;D:\repo\com\netflix\servo\servo-core\0.10.1\servo-core-0.10.1.jar;D:\repo\com\netflix\servo\servo-internal\0.10.1\servo-internal-0.10.1.jar;D:\repo\com\sun\jersey\jersey-core\1.19.1\jersey-core-1.19.1.jar;D:\repo\com\sun\jersey\jersey-client\1.19.1\jersey-client-1.19.1.jar;D:\repo\com\sun\jersey\contribs\jersey-apache-client4\1.19.1\jersey-apache-client4-1.19.1.jar;D:\repo\org\apache\httpcomponents\httpclient\4.5.3\httpclient-4.5.3.jar;D:\repo\org\apache\httpcomponents\httpcore\4.4.6\httpcore-4.4.6.jar;D:\repo\commons-codec\commons-codec\1.10\commons-codec-1.10.jar;D:\repo\com\google\inject\guice\4.1.0\guice-4.1.0.jar;D:\repo\aopalliance\aopalliance\1.0\aopalliance-1.0.jar;D:\repo\com\fasterxml\jackson\core\jackson-annotations\2.8.0\jackson-annotations-2.8.0.jar;D:\repo\com\fasterxml\jackson\core\jackson-core\2.8.8\jackson-core-2.8.8.jar;D:\repo\com\netflix\eureka\eureka-core\1.7.0\eureka-core-1.7.0.jar;D:\repo\org\codehaus\woodstox\woodstox-core-asl\4.4.1\woodstox-core-asl-4.4.1.jar;D:\repo\javax\xml\stream\stax-api\1.0-2\stax-api-1.0-2.jar;D:\repo\org\codehaus\woodstox\stax2-api\3.1.4\stax2-api-3.1.4.jar;D:\repo\org\springframework\cloud\spring-cloud-starter-netflix-archaius\1.4.0.RELEASE\spring-cloud-starter-netflix-archaius-1.4.0.RELEASE.jar;D:\repo\commons-configuration\commons-configuration\1.8\commons-configuration-1.8.jar;D:\repo\com\google\guava\guava\18.0\guava-18.0.jar;D:\repo\com\netflix\ribbon\ribbon-eureka\2.2.4\ribbon-eureka-2.2.4.jar;D:\repo\com\thoughtworks\xstream\xstream\1.4.9\xstream-1.4.9.jar;D:\repo\xmlpull\xmlpull\1.1.3.1\xmlpull-1.1.3.1.jar;D:\repo\xpp3\xpp3_min\1.1.4c\xpp3_min-1.1.4c.jar;D:\repo\org\springframework\cloud\spring-cloud-starter-ribbon\1.4.0.RELEASE\spring-cloud-starter-ribbon-1.4.0.RELEASE.jar;D:\repo\org\springframework\cloud\spring-cloud-starter-netflix-ribbon\1.4.0.RELEASE\spring-cloud-starter-netflix-ribbon-1.4.0.RELEASE.jar;D:\repo\com\netflix\ribbon\ribbon\2.2.4\ribbon-2.2.4.jar;D:\repo\com\netflix\ribbon\ribbon-transport\2.2.4\ribbon-transport-2.2.4.jar;D:\repo\io\reactivex\rxnetty-contexts\0.4.9\rxnetty-contexts-0.4.9.jar;D:\repo\io\reactivex\rxnetty-servo\0.4.9\rxnetty-servo-0.4.9.jar;D:\repo\com\netflix\hystrix\hystrix-core\1.5.12\hystrix-core-1.5.12.jar;D:\repo\org\hdrhistogram\HdrHistogram\2.1.9\HdrHistogram-2.1.9.jar;D:\repo\javax\inject\javax.inject\1\javax.inject-1.jar;D:\repo\io\reactivex\rxnetty\0.4.9\rxnetty-0.4.9.jar;D:\repo\io\netty\netty-codec-http\4.0.27.Final\netty-codec-http-4.0.27.Final.jar;D:\repo\io\netty\netty-codec\4.0.27.Final\netty-codec-4.0.27.Final.jar;D:\repo\io\netty\netty-handler\4.0.27.Final\netty-handler-4.0.27.Final.jar;D:\repo\io\netty\netty-transport-native-epoll\4.0.27.Final\netty-transport-native-epoll-4.0.27.Final.jar;D:\repo\io\netty\netty-common\4.0.27.Final\netty-common-4.0.27.Final.jar;D:\repo\io\netty\netty-buffer\4.0.27.Final\netty-buffer-4.0.27.Final.jar;D:\repo\io\netty\netty-transport\4.0.27.Final\netty-transport-4.0.27.Final.jar;D:\repo\com\netflix\ribbon\ribbon-core\2.2.4\ribbon-core-2.2.4.jar;D:\repo\commons-lang\commons-lang\2.6\commons-lang-2.6.jar;D:\repo\com\netflix\ribbon\ribbon-httpclient\2.2.4\ribbon-httpclient-2.2.4.jar;D:\repo\commons-collections\commons-collections\3.2.2\commons-collections-3.2.2.jar;D:\repo\com\netflix\netflix-commons\netflix-commons-util\0.1.1\netflix-commons-util-0.1.1.jar;D:\repo\com\netflix\ribbon\ribbon-loadbalancer\2.2.4\ribbon-loadbalancer-2.2.4.jar;D:\repo\com\netflix\netflix-commons\netflix-statistics\0.1.1\netflix-statistics-0.1.1.jar;D:\repo\io\reactivex\rxjava\1.2.0\rxjava-1.2.0.jar;"/>
    <property name="sun.cpu.endian" value="little"/>
    <property name="user.home" value="C:\Users\frank"/>
    <property name="user.language" value="zh"/>
    <property name="java.specification.vendor" value="Oracle Corporation"/>
    <property name="java.home" value="C:\Program Files\Java\jdk1.8.0_221\jre"/>
    <property name="basedir" value="C:\Users\frank\IdeaProjects\TripleT-Springboot\easymall-common-resources"/>
    <property name="file.separator" value="\"/>
    <property name="line.separator" value="&#10;"/>
    <property name="java.vm.specification.vendor" value="Oracle Corporation"/>
    <property name="java.specification.name" value="Java Platform API Specification"/>
    <property name="java.awt.graphicsenv" value="sun.awt.Win32GraphicsEnvironment"/>
    <property name="surefire.real.class.path" value="C:\Users\frank\AppData\Local\Temp\surefire9008310437409551123\surefirebooter6985552734165431849.jar"/>
    <property name="sun.boot.class.path" value="C:\Program Files\Java\jdk1.8.0_221\jre\lib\resources.jar;C:\Program Files\Java\jdk1.8.0_221\jre\lib\rt.jar;C:\Program Files\Java\jdk1.8.0_221\jre\lib\sunrsasign.jar;C:\Program Files\Java\jdk1.8.0_221\jre\lib\jsse.jar;C:\Program Files\Java\jdk1.8.0_221\jre\lib\jce.jar;C:\Program Files\Java\jdk1.8.0_221\jre\lib\charsets.jar;C:\Program Files\Java\jdk1.8.0_221\jre\lib\jfr.jar;C:\Program Files\Java\jdk1.8.0_221\jre\classes"/>
    <property name="user.script" value=""/>
    <property name="sun.management.compiler" value="HotSpot 64-Bit Tiered Compilers"/>
    <property name="java.runtime.version" value="1.8.0_221-b11"/>
    <property name="user.name" value="frank"/>
    <property name="path.separator" value=";"/>
    <property name="os.version" value="10.0"/>
    <property name="java.endorsed.dirs" value="C:\Program Files\Java\jdk1.8.0_221\jre\lib\endorsed"/>
    <property name="java.runtime.name" value="Java(TM) SE Runtime Environment"/>
    <property name="file.encoding" value="GBK"/>
    <property name="java.vm.name" value="Java HotSpot(TM) 64-Bit Server VM"/>
    <property name="localRepository" value="D:\repo"/>
    <property name="java.vendor.url.bug" value="http://bugreport.sun.com/bugreport/"/>
    <property name="java.io.tmpdir" value="C:\Users\frank\AppData\Local\Temp\"/>
    <property name="idea.version" value="2018.3.3"/>
    <property name="java.version" value="1.8.0_221"/>
    <property name="user.dir" value="C:\Users\frank\IdeaProjects\TripleT-Springboot\easymall-common-resources"/>
    <property name="os.arch" value="amd64"/>
    <property name="java.vm.specification.name" value="Java Virtual Machine Specification"/>
    <property name="java.awt.printerjob" value="sun.awt.windows.WPrinterJob"/>
    <property name="sun.os.patch.level" value=""/>
    <property name="java.library.path" value="C:\Program Files\Java\jdk1.8.0_221\jre\bin;C:\Windows\Sun\Java\bin;C:\Windows\system32;C:\Windows;C:\Program Files\NVIDIA GPU Computing Toolkit\CUDA\v11.6\bin;C:\Program Files\NVIDIA GPU Computing Toolkit\CUDA\v11.6\libnvvp;D:\app\frank\product\11.2.0\client_1;C:\Python310\Scripts\;C:\Python310\;C:\Program Files (x86)\Common Files\Oracle\Java\javapath;C:\Windows\system32;C:\Windows;C:\Windows\System32\Wbem;C:\Windows\System32\WindowsPowerShell\v1.0\;C:\Windows\System32\OpenSSH\;C:\Program Files (x86)\NVIDIA Corporation\PhysX\Common;C:\Program Files\NVIDIA Corporation\NVIDIA NvDLISR;D:\MATLAB\bin;D:\ming-w64\mingw64\bin;C:\Program Files\Java\jdk1.8.0_221\bin;D:\Node_js\;C:\ProgramData\chocolatey\bin;D:\go\bin;D:\VSCode\project\goproject\bin;D:\Git\cmd;D:\Mysql\mysql-5.7.36-winx64\bin;D:\repo\apache-maven-3.6.3\bin;C:\Program Files\NVIDIA Corporation\Nsight Compute 2022.1.0\;C:\Program Files (x86)\Microsoft Visual Studio\2017\Professional\VC\Tools\MSVC\14.16.27023\bin\Hostx86\x86;C:\Program Files\dotnet\;C:\Program Files (x86)\HP\LoadRunner\strawberry-perl\perl\bin;;D:\develop\微信web开发者工具\dll;C:\Users\frank\AppData\Local\Microsoft\WindowsApps;D:\VSCode\bin;D:\Bandizip\;D:\PyCharm\bin;;D:\Node_js\node_global;C:\Users\frank\AppData\Roaming\npm;D:\ming-w64\mingw64\bin;D:\Anaconda;D:\Anaconda\Scripts;D:\Anaconda\Library\mingw-w64\bin;D:\Anaconda\Library\usr\bin;D:\Anaconda\Library\bin;D:\IDEA\bin;;C:\Users\frank\.dotnet\tools;."/>
    <property name="java.vm.info" value="mixed mode"/>
    <property name="java.vendor" value="Oracle Corporation"/>
    <property name="java.vm.version" value="25.221-b11"/>
    <property name="java.ext.dirs" value="C:\Program Files\Java\jdk1.8.0_221\jre\lib\ext;C:\Windows\Sun\Java\lib\ext"/>
    <property name="sun.io.unicode.encoding" value="UnicodeLittle"/>
    <property name="java.class.version" value="52.0"/>
  </properties>
  <testcase name="shouldAnswerWithTrue" classname="cn.edu.scnu.AppTest" time="0"/>
</testsuite>